<?xml version="1.0" encoding="UTF-8"?>
<Site BuildName="Linux-c++"
	BuildStamp="20230410-1211-Experimental"
	Name="parallelsVM"
	Generator="ctest-3.22.1"
	CompilerName="/usr/bin/c++"
	CompilerVersion="11.3.0"
	OSName="Linux"
	Hostname="parallelsVM"
	OSRelease="5.19.0-38-generic"
	OSVersion="#39~22.04.1-Ubuntu SMP PREEMPT_DYNAMIC Fri Mar 17 21:16:15 UTC 2"
	OSPlatform="x86_64"
	Is64Bits="1"
	VendorString="GenuineIntel"
	VendorID="Intel Corporation"
	FamilyID="6"
	ModelID="126"
	ProcessorCacheSize="6144"
	NumberOfLogicalCPU="2"
	NumberOfPhysicalCPU="2"
	TotalVirtualMemory="2047"
	TotalPhysicalMemory="7942"
	LogicalProcessorsPerPhysical="1"
	ProcessorClockFrequency="1996.8"
	>
	<Testing>
		<StartDateTime>Apr 10 13:11 BST</StartDateTime>
		<StartTestTime>1681128677</StartTestTime>
		<TestList/>
		<EndDateTime>Apr 10 13:11 BST</EndDateTime>
		<EndTestTime>1681128677</EndTestTime>
		<ElapsedMinutes>0</ElapsedMinutes>
	</Testing>
</Site>
